Using pre-set license
Built from '2022.3/staging' branch; Version is '2022.3.16f1 (d2c21f0ef2f1) revision 13812255'; Using compiler version '192829333'; Build Type 'Release'
OS: 'Windows 11  (10.0.22631) 64bit CoreSingleLanguage' Language: 'en' Physical Memory: 16052 MB
BatchMode: 1, IsHumanControllingUs: 0, StartBugReporterOnCrash: 0, Is64bit: 1, IsPro: 1

COMMAND LINE ARGUMENTS:
C:\Program Files\Unity\Hub\Editor\2022.3.16f1\Editor\Unity.exe
-adb2
-batchMode
-noUpm
-name
AssetImportWorker4
-projectPath
C:/Users/sonit/OneDrive/Desktop/Work/Coding/PrediCAT/simulation/PrediCAT
-logFile
Logs/AssetImportWorker4.log
-srvPort
51631
Successfully changed project path to: C:/Users/sonit/OneDrive/Desktop/Work/Coding/PrediCAT/simulation/PrediCAT
C:/Users/sonit/OneDrive/Desktop/Work/Coding/PrediCAT/simulation/PrediCAT
[UnityMemory] Configuration Parameters - Can be set up in boot.config
    "memorysetup-bucket-allocator-granularity=16"
    "memorysetup-bucket-allocator-bucket-count=8"
    "memorysetup-bucket-allocator-block-size=33554432"
    "memorysetup-bucket-allocator-block-count=8"
    "memorysetup-main-allocator-block-size=16777216"
    "memorysetup-thread-allocator-block-size=16777216"
    "memorysetup-gfx-main-allocator-block-size=16777216"
    "memorysetup-gfx-thread-allocator-block-size=16777216"
    "memorysetup-cache-allocator-block-size=4194304"
    "memorysetup-typetree-allocator-block-size=2097152"
    "memorysetup-profiler-bucket-allocator-granularity=16"
    "memorysetup-profiler-bucket-allocator-bucket-count=8"
    "memorysetup-profiler-bucket-allocator-block-size=33554432"
    "memorysetup-profiler-bucket-allocator-block-count=8"
    "memorysetup-profiler-allocator-block-size=16777216"
    "memorysetup-profiler-editor-allocator-block-size=1048576"
    "memorysetup-temp-allocator-size-main=16777216"
    "memorysetup-job-temp-allocator-block-size=2097152"
    "memorysetup-job-temp-allocator-block-size-background=1048576"
    "memorysetup-job-temp-allocator-reduction-small-platforms=262144"
    "memorysetup-allocator-temp-initial-block-size-main=262144"
    "memorysetup-allocator-temp-initial-block-size-worker=262144"
    "memorysetup-temp-allocator-size-background-worker=32768"
    "memorysetup-temp-allocator-size-job-worker=262144"
    "memorysetup-temp-allocator-size-preload-manager=33554432"
    "memorysetup-temp-allocator-size-nav-mesh-worker=65536"
    "memorysetup-temp-allocator-size-audio-worker=65536"
    "memorysetup-temp-allocator-size-cloud-worker=32768"
    "memorysetup-temp-allocator-size-gi-baking-worker=262144"
    "memorysetup-temp-allocator-size-gfx=262144"
Player connection [16252] Host "[IP] 192.168.56.1 [Port] 0 [Flags] 2 [Guid] 3889115330 [EditorId] 3889115330 [Version] 1048832 [Id] WindowsEditor(7,Sonit) [Debug] 1 [PackageName] WindowsEditor [ProjectName] Editor" joined multi-casting on [225.0.0.222:54997]...

Player connection [16252] Host "[IP] 192.168.56.1 [Port] 0 [Flags] 2 [Guid] 3889115330 [EditorId] 3889115330 [Version] 1048832 [Id] WindowsEditor(7,Sonit) [Debug] 1 [PackageName] WindowsEditor [ProjectName] Editor" joined alternative multi-casting on [225.0.0.222:34997]...

[Physics::Module] Initialized MultithreadedJobDispatcher with 11 workers.
Refreshing native plugins compatible for Editor in 6.74 ms, found 3 plugins.
Preloading 0 native plugins for Editor in 0.00 ms.
Initialize engine version: 2022.3.16f1 (d2c21f0ef2f1)
[Subsystems] Discovering subsystems at path C:/Program Files/Unity/Hub/Editor/2022.3.16f1/Editor/Data/Resources/UnitySubsystems
[Subsystems] Discovering subsystems at path C:/Users/sonit/OneDrive/Desktop/Work/Coding/PrediCAT/simulation/PrediCAT/Assets
GfxDevice: creating device client; threaded=0; jobified=0
Direct3D:
    Version:  Direct3D 11.0 [level 11.1]
    Renderer: Intel(R) Iris(R) Xe Graphics (ID=0x46a8)
    Vendor:   Intel
    VRAM:     8026 MB
    Driver:   31.0.101.4502
Initialize mono
Mono path[0] = 'C:/Program Files/Unity/Hub/Editor/2022.3.16f1/Editor/Data/Managed'
Mono path[1] = 'C:/Program Files/Unity/Hub/Editor/2022.3.16f1/Editor/Data/MonoBleedingEdge/lib/mono/unityjit-win32'
Mono config path = 'C:/Program Files/Unity/Hub/Editor/2022.3.16f1/Editor/Data/MonoBleedingEdge/etc'
Using monoOptions --debugger-agent=transport=dt_socket,embedding=1,server=y,suspend=n,address=127.0.0.1:56148
Begin MonoManager ReloadAssembly
Registering precompiled unity dll's ...
Register platform support module: C:/Program Files/Unity/Hub/Editor/2022.3.16f1/Editor/Data/PlaybackEngines/WebGLSupport/UnityEditor.WebGL.Extensions.dll
Register platform support module: C:/Program Files/Unity/Hub/Editor/2022.3.16f1/Editor/Data/PlaybackEngines/AndroidPlayer/UnityEditor.Android.Extensions.dll
Register platform support module: C:/Program Files/Unity/Hub/Editor/2022.3.16f1/Editor/Data/PlaybackEngines/WindowsStandaloneSupport/UnityEditor.WindowsStandalone.Extensions.dll
Registered in 0.006961 seconds.
- Loaded All Assemblies, in  0.283 seconds
Native extension for WindowsStandalone target not found
Native extension for Android target not found
Android Extension - Scanning For ADB Devices 215 ms
Native extension for WebGL target not found
Mono: successfully reloaded assembly
- Finished resetting the current domain, in  0.469 seconds
Domain Reload Profiling: 751ms
	BeginReloadAssembly (89ms)
		ExecutionOrderSort (0ms)
		DisableScriptedObjects (0ms)
		BackupInstance (0ms)
		ReleaseScriptingObjects (0ms)
		CreateAndSetChildDomain (1ms)
	RebuildCommonClasses (25ms)
	RebuildNativeTypeToScriptingClass (8ms)
	initialDomainReloadingComplete (46ms)
	LoadAllAssembliesAndSetupDomain (114ms)
		LoadAssemblies (88ms)
		RebuildTransferFunctionScriptingTraits (0ms)
		AnalyzeDomain (112ms)
			TypeCache.Refresh (111ms)
				TypeCache.ScanAssembly (101ms)
			ScanForSourceGeneratedMonoScriptInfo (0ms)
			ResolveRequiredComponents (0ms)
	FinalizeReload (470ms)
		ReleaseScriptCaches (0ms)
		RebuildScriptCaches (0ms)
		SetupLoadedEditorAssemblies (425ms)
			LogAssemblyErrors (0ms)
			InitializePlatformSupportModulesInManaged (303ms)
			SetLoadedEditorAssemblies (3ms)
			RefreshPlugins (0ms)
			BeforeProcessingInitializeOnLoad (2ms)
			ProcessInitializeOnLoadAttributes (84ms)
			ProcessInitializeOnLoadMethodAttributes (33ms)
			AfterProcessingInitializeOnLoad (0ms)
			EditorAssembliesLoaded (0ms)
		ExecutionOrderSort2 (0ms)
		AwakeInstancesAfterBackupRestoration (0ms)
========================================================================
Worker process is ready to serve import requests
Begin MonoManager ReloadAssembly
- Loaded All Assemblies, in  0.460 seconds
Refreshing native plugins compatible for Editor in 2.58 ms, found 3 plugins.
Native extension for WindowsStandalone target not found
Native extension for Android target not found
Native extension for WebGL target not found
Package Manager log level set to [2]
[Package Manager] Server::EnsureServerProcessIsRunning -- launch failed, reason: Unity was launched with the -noUpm command-line argument
[Package Manager] UpmClient::Send -- Unable to send message (not connected to UPM process).
[Package Manager] Cannot connect to Unity Package Manager local server
Mono: successfully reloaded assembly
- Finished resetting the current domain, in  0.434 seconds
Domain Reload Profiling: 891ms
	BeginReloadAssembly (107ms)
		ExecutionOrderSort (0ms)
		DisableScriptedObjects (4ms)
		BackupInstance (0ms)
		ReleaseScriptingObjects (0ms)
		CreateAndSetChildDomain (15ms)
	RebuildCommonClasses (24ms)
	RebuildNativeTypeToScriptingClass (7ms)
	initialDomainReloadingComplete (30ms)
	LoadAllAssembliesAndSetupDomain (289ms)
		LoadAssemblies (221ms)
		RebuildTransferFunctionScriptingTraits (0ms)
		AnalyzeDomain (131ms)
			TypeCache.Refresh (117ms)
				TypeCache.ScanAssembly (105ms)
			ScanForSourceGeneratedMonoScriptInfo (10ms)
			ResolveRequiredComponents (3ms)
	FinalizeReload (434ms)
		ReleaseScriptCaches (0ms)
		RebuildScriptCaches (0ms)
		SetupLoadedEditorAssemblies (324ms)
			LogAssemblyErrors (0ms)
			InitializePlatformSupportModulesInManaged (19ms)
			SetLoadedEditorAssemblies (3ms)
			RefreshPlugins (0ms)
			BeforeProcessingInitializeOnLoad (44ms)
			ProcessInitializeOnLoadAttributes (238ms)
			ProcessInitializeOnLoadMethodAttributes (14ms)
			AfterProcessingInitializeOnLoad (5ms)
			EditorAssembliesLoaded (0ms)
		ExecutionOrderSort2 (0ms)
		AwakeInstancesAfterBackupRestoration (5ms)
Launched and connected shader compiler UnityShaderCompiler.exe after 0.03 seconds
Refreshing native plugins compatible for Editor in 4.88 ms, found 3 plugins.
Preloading 0 native plugins for Editor in 0.00 ms.
Unloading 3093 Unused Serialized files (Serialized files now loaded: 0)
Unloading 32 unused Assets / (56.9 KB). Loaded Objects now: 3568.
Memory consumption went from 129.7 MB to 129.6 MB.
Total: 3.027900 ms (FindLiveObjects: 0.223200 ms CreateObjectMapping: 0.143000 ms MarkObjects: 2.519300 ms  DeleteObjects: 0.140500 ms)

AssetImportParameters requested are different than current active one (requested -> active):
  custom:container-demuxer-ogg: 62fdf1f143b41e24485cea50d1cbac27 -> 
  custom:video-codec-MediaFoundation-h265: 746d11721c4dcdbdad8f713fa42b33f4 -> 
  custom:video-decoder-ogg-theora: a1e56fd34408186e4bbccfd4996cb3dc -> 
  custom:framework-win-MediaFoundation: 216162199b28c13a410421893ffa2e32 -> 
  custom:CustomObjectIndexerAttribute: 43b350a4d6e6d1791af0b5038c4bea17 -> 
  custom:container-demuxer-webm: 4f35f7cbe854078d1ac9338744f61a02 -> 
  custom:container-muxer-webm: aa71ff27fc2769a1b78a27578f13a17b -> 
  custom:video-decoder-webm-vp8: 9c59270c3fd7afecdb556c50c9e8de78 -> 
  custom:SearchIndexIgnoredProperties: e643bd26f0fe6173181afceb89e7c659 -> 
  custom:AudioImporter_EditorPlatform: d09bf68614088b80899f8185d706f6e7 -> 
  custom:video-encoder-webm-vp8: eb34c28f22e8b96e1ab97ce403110664 -> 
  custom:audio-decoder-ogg-vorbis: bf7c407c2cedff20999df2af8eb42d56 -> 
  custom:audio-encoder-webm-vorbis: bf7c407c2cedff20999df2af8eb42d56 -> 
========================================================================
Received Import Request.
  Time since last request: 41860.368509 seconds.
  path: Assets/objects/backhoeloader/Materials/lambert1_albedo.png
  artifactKey: Guid(1614d8a5965a59b45a048959d5b57834) Importer(815301076,1909f56bfc062723c751e8b465ee728b)
Start importing Assets/objects/backhoeloader/Materials/lambert1_albedo.png using Guid(1614d8a5965a59b45a048959d5b57834) Importer(815301076,1909f56bfc062723c751e8b465ee728b)  -> (artifact id: '0784acb8afd29e82382d9aad98d7b7e3') in 0.078753 seconds
Number of updated asset objects reloaded before import = 0
Number of asset objects unloaded after import = 2
========================================================================
Received Import Request.
  Time since last request: 114.296726 seconds.
  path: Assets/objects/backhoeloader/Materials/lambert1_albedo.png
  artifactKey: Guid(1614d8a5965a59b45a048959d5b57834) Importer(815301076,1909f56bfc062723c751e8b465ee728b)
Start importing Assets/objects/backhoeloader/Materials/lambert1_albedo.png using Guid(1614d8a5965a59b45a048959d5b57834) Importer(815301076,1909f56bfc062723c751e8b465ee728b)  -> (artifact id: '4f931b346af68f9bbee28e2ae601e0b4') in 0.036375 seconds
Number of updated asset objects reloaded before import = 0
Number of asset objects unloaded after import = 2
========================================================================
Received Import Request.
  Time since last request: 438.200820 seconds.
  path: Assets/objects/backhoeloader/Materials/lambert1_albedo.png
  artifactKey: Guid(1614d8a5965a59b45a048959d5b57834) Importer(815301076,1909f56bfc062723c751e8b465ee728b)
Start importing Assets/objects/backhoeloader/Materials/lambert1_albedo.png using Guid(1614d8a5965a59b45a048959d5b57834) Importer(815301076,1909f56bfc062723c751e8b465ee728b)  -> (artifact id: '31adc1954aebdb696b55694d89dc2f3a') in 0.031009 seconds
Number of updated asset objects reloaded before import = 0
Number of asset objects unloaded after import = 2
========================================================================
Received Import Request.
  Time since last request: 99.760923 seconds.
  path: Assets/RPG_FPS_game_assets_industrial
  artifactKey: Guid(14867648bc917104ea46cb20dbc02f11) Importer(815301076,1909f56bfc062723c751e8b465ee728b)
Start importing Assets/RPG_FPS_game_assets_industrial using Guid(14867648bc917104ea46cb20dbc02f11) Importer(815301076,1909f56bfc062723c751e8b465ee728b)  -> (artifact id: 'a066d9c4a648c9d5d59283040c5dd505') in 0.000834 seconds
Number of updated asset objects reloaded before import = 0
Number of asset objects unloaded after import = 0
========================================================================
Received Import Request.
  Time since last request: 0.950631 seconds.
  path: Assets/objects
  artifactKey: Guid(4ef309391bde45c4aa41da6d06956d7e) Importer(815301076,1909f56bfc062723c751e8b465ee728b)
Start importing Assets/objects using Guid(4ef309391bde45c4aa41da6d06956d7e) Importer(815301076,1909f56bfc062723c751e8b465ee728b)  -> (artifact id: '0c891dc54a6ff19b9b7122f7f05c3123') in 0.000598 seconds
Number of updated asset objects reloaded before import = 0
Number of asset objects unloaded after import = 0
========================================================================
Received Import Request.
  Time since last request: 31.076255 seconds.
  path: Assets/objects/Dozer/last_Yell_aiStandardSurface148_BaseColor.1.png
  artifactKey: Guid(0292ce0df677309449eeacc1074f2a41) Importer(815301076,1909f56bfc062723c751e8b465ee728b)
Start importing Assets/objects/Dozer/last_Yell_aiStandardSurface148_BaseColor.1.png using Guid(0292ce0df677309449eeacc1074f2a41) Importer(815301076,1909f56bfc062723c751e8b465ee728b)  -> (artifact id: 'b568bb7036c458a8b63c277cc429db72') in 0.023790 seconds
Number of updated asset objects reloaded before import = 0
Number of asset objects unloaded after import = 2
========================================================================
Received Import Request.
  Time since last request: 157.043359 seconds.
  path: Assets/objects/Dozer/last_Yell_aiStandardSurface148_BaseColor.1.png
  artifactKey: Guid(0292ce0df677309449eeacc1074f2a41) Importer(815301076,1909f56bfc062723c751e8b465ee728b)
Start importing Assets/objects/Dozer/last_Yell_aiStandardSurface148_BaseColor.1.png using Guid(0292ce0df677309449eeacc1074f2a41) Importer(815301076,1909f56bfc062723c751e8b465ee728b)  -> (artifact id: '93627d06f9547d0d6acb5b25f5eb7911') in 0.033629 seconds
Number of updated asset objects reloaded before import = 0
Number of asset objects unloaded after import = 2
========================================================================
Received Import Request.
  Time since last request: 37.163331 seconds.
  path: Assets/Materials/13 - Default.mat
  artifactKey: Guid(3e5543666c00b2948ae4f524e7b597ee) Importer(815301076,1909f56bfc062723c751e8b465ee728b)
Start importing Assets/Materials/13 - Default.mat using Guid(3e5543666c00b2948ae4f524e7b597ee) Importer(815301076,1909f56bfc062723c751e8b465ee728b)  -> (artifact id: '0dce39546ec8b392bed8b0be27fa734e') in 0.080741 seconds
Number of updated asset objects reloaded before import = 0
Number of asset objects unloaded after import = 1
========================================================================
Received Import Request.
  Time since last request: 0.000024 seconds.
  path: Assets/Materials/poclain_aiStandardSurface143.mat
  artifactKey: Guid(a4de1d7822c289b4cba763501d2b4c50) Importer(815301076,1909f56bfc062723c751e8b465ee728b)
Start importing Assets/Materials/poclain_aiStandardSurface143.mat using Guid(a4de1d7822c289b4cba763501d2b4c50) Importer(815301076,1909f56bfc062723c751e8b465ee728b)  -> (artifact id: '589c9639d95a869202bce7255047138b') in 0.016654 seconds
Number of updated asset objects reloaded before import = 0
Number of asset objects unloaded after import = 1
========================================================================
Received Import Request.
  Time since last request: 0.000344 seconds.
  path: Assets/Materials/Default_Material.mat
  artifactKey: Guid(d1c32c5a58d05774da9b958fa3fa86a0) Importer(815301076,1909f56bfc062723c751e8b465ee728b)
Start importing Assets/Materials/Default_Material.mat using Guid(d1c32c5a58d05774da9b958fa3fa86a0) Importer(815301076,1909f56bfc062723c751e8b465ee728b)  -> (artifact id: 'f45d8529c4bdf285e82acc03082a0016') in 0.028550 seconds
Number of updated asset objects reloaded before import = 0
Number of asset objects unloaded after import = 1
========================================================================
Received Import Request.
  Time since last request: 0.000022 seconds.
  path: Assets/Materials/poclain_lambert2.mat
  artifactKey: Guid(7fcf297b5d29d5d4cb7e9c723eec715e) Importer(815301076,1909f56bfc062723c751e8b465ee728b)
Start importing Assets/Materials/poclain_lambert2.mat using Guid(7fcf297b5d29d5d4cb7e9c723eec715e) Importer(815301076,1909f56bfc062723c751e8b465ee728b)  -> (artifact id: '222763c8d830475cfd9806e292733316') in 0.059304 seconds
Number of updated asset objects reloaded before import = 0
Number of asset objects unloaded after import = 1
========================================================================
Received Import Request.
  Time since last request: 0.000158 seconds.
  path: Assets/Materials/poclain_aiStandardSurface154.mat
  artifactKey: Guid(3f5fa45c941d200489249ad5f1a01757) Importer(815301076,1909f56bfc062723c751e8b465ee728b)
Start importing Assets/Materials/poclain_aiStandardSurface154.mat using Guid(3f5fa45c941d200489249ad5f1a01757) Importer(815301076,1909f56bfc062723c751e8b465ee728b)  -> (artifact id: '7d14a82958a8bb41b5aaa650b400bf36') in 0.029124 seconds
Number of updated asset objects reloaded before import = 0
Number of asset objects unloaded after import = 1
========================================================================
Received Import Request.
  Time since last request: 0.000028 seconds.
  path: Assets/Materials/poclain_aiStandardSurface146.mat
  artifactKey: Guid(e96785a0042ccb84db34a03643b4eba7) Importer(815301076,1909f56bfc062723c751e8b465ee728b)
Start importing Assets/Materials/poclain_aiStandardSurface146.mat using Guid(e96785a0042ccb84db34a03643b4eba7) Importer(815301076,1909f56bfc062723c751e8b465ee728b)  -> (artifact id: '446f6050c03943dfa627842405a95969') in 0.019800 seconds
Number of updated asset objects reloaded before import = 0
Number of asset objects unloaded after import = 1
========================================================================
Received Import Request.
  Time since last request: 0.000022 seconds.
  path: Assets/Materials/poclain_aiStandardSurface151.mat
  artifactKey: Guid(f32649a50bdcf314e971440a23f72680) Importer(815301076,1909f56bfc062723c751e8b465ee728b)
Start importing Assets/Materials/poclain_aiStandardSurface151.mat using Guid(f32649a50bdcf314e971440a23f72680) Importer(815301076,1909f56bfc062723c751e8b465ee728b)  -> (artifact id: '7eed01563caf63cca18a0eac2424d193') in 0.018144 seconds
Number of updated asset objects reloaded before import = 0
Number of asset objects unloaded after import = 1
========================================================================
Received Import Request.
  Time since last request: 0.000023 seconds.
  path: Assets/Materials/poclain_aiStandardSurface141.mat
  artifactKey: Guid(2aafcb46256d2a648857b8fa1c109068) Importer(815301076,1909f56bfc062723c751e8b465ee728b)
Start importing Assets/Materials/poclain_aiStandardSurface141.mat using Guid(2aafcb46256d2a648857b8fa1c109068) Importer(815301076,1909f56bfc062723c751e8b465ee728b)  -> (artifact id: '725240452d6b01a7a0a70110cc8bc58c') in 0.119706 seconds
Number of updated asset objects reloaded before import = 0
Number of asset objects unloaded after import = 4
========================================================================
Received Import Request.
  Time since last request: 0.000025 seconds.
  path: Assets/Materials/lambert1 1.mat
  artifactKey: Guid(ea85b7d6b13a6b64aa75026e93d543b9) Importer(815301076,1909f56bfc062723c751e8b465ee728b)
Start importing Assets/Materials/lambert1 1.mat using Guid(ea85b7d6b13a6b64aa75026e93d543b9) Importer(815301076,1909f56bfc062723c751e8b465ee728b)  -> (artifact id: 'ee1aac0b6b71b34ed16bb3b58fbca2db') in 0.016721 seconds
Number of updated asset objects reloaded before import = 0
Number of asset objects unloaded after import = 1
========================================================================
Received Import Request.
  Time since last request: 0.000087 seconds.
  path: Assets/Materials/poclain_aiStandardSurface153.mat
  artifactKey: Guid(1d6d0359204814e4192fe34154bb4093) Importer(815301076,1909f56bfc062723c751e8b465ee728b)
Start importing Assets/Materials/poclain_aiStandardSurface153.mat using Guid(1d6d0359204814e4192fe34154bb4093) Importer(815301076,1909f56bfc062723c751e8b465ee728b)  -> (artifact id: '2358be2c90367a0ca17e6137d60ffb12') in 0.018379 seconds
Number of updated asset objects reloaded before import = 0
Number of asset objects unloaded after import = 1
========================================================================
Received Import Request.
  Time since last request: 0.000019 seconds.
  path: Assets/Materials/poclain_aiStandardSurface38.mat
  artifactKey: Guid(583df2a0427f06f43bc03f47c4b8cf1d) Importer(815301076,1909f56bfc062723c751e8b465ee728b)
Start importing Assets/Materials/poclain_aiStandardSurface38.mat using Guid(583df2a0427f06f43bc03f47c4b8cf1d) Importer(815301076,1909f56bfc062723c751e8b465ee728b)  -> (artifact id: '122102caf63f60bb5e803c9aa4e6bd3f') in 0.032368 seconds
Number of updated asset objects reloaded before import = 0
Number of asset objects unloaded after import = 1
========================================================================
Received Import Request.
  Time since last request: 0.000085 seconds.
  path: Assets/Materials/poclain_aiStandardSurface144.mat
  artifactKey: Guid(927c6448b1b8b1246b5c3c1a28ffa30c) Importer(815301076,1909f56bfc062723c751e8b465ee728b)
Start importing Assets/Materials/poclain_aiStandardSurface144.mat using Guid(927c6448b1b8b1246b5c3c1a28ffa30c) Importer(815301076,1909f56bfc062723c751e8b465ee728b)  -> (artifact id: '5b1ef07d3f6178ccb33860d1a4be6359') in 0.018471 seconds
Number of updated asset objects reloaded before import = 0
Number of asset objects unloaded after import = 1
========================================================================
Received Import Request.
  Time since last request: 0.000025 seconds.
  path: Assets/Materials/poclain_aiStandardSurface130.mat
  artifactKey: Guid(42f94a652d292d94c9fea6f257524522) Importer(815301076,1909f56bfc062723c751e8b465ee728b)
Start importing Assets/Materials/poclain_aiStandardSurface130.mat using Guid(42f94a652d292d94c9fea6f257524522) Importer(815301076,1909f56bfc062723c751e8b465ee728b)  -> (artifact id: '0d96032caad3274b588da33b4a516b1b') in 0.018681 seconds
Number of updated asset objects reloaded before import = 0
Number of asset objects unloaded after import = 1
========================================================================
Received Import Request.
  Time since last request: 0.000045 seconds.
  path: Assets/Materials/poclain_aiStandardSurface127.mat
  artifactKey: Guid(27bab98f14258f24e9adf47d5214851b) Importer(815301076,1909f56bfc062723c751e8b465ee728b)
Start importing Assets/Materials/poclain_aiStandardSurface127.mat using Guid(27bab98f14258f24e9adf47d5214851b) Importer(815301076,1909f56bfc062723c751e8b465ee728b)  -> (artifact id: '7e55cb8aa2ed3951c033dbc3632645e0') in 0.019179 seconds
Number of updated asset objects reloaded before import = 0
Number of asset objects unloaded after import = 1
========================================================================
Received Import Request.
  Time since last request: 3.019433 seconds.
  path: Assets/objects/backhoeloader/Materials
  artifactKey: Guid(bf869b80c0b2d1f42ab2f9974c92484e) Importer(815301076,1909f56bfc062723c751e8b465ee728b)
Start importing Assets/objects/backhoeloader/Materials using Guid(bf869b80c0b2d1f42ab2f9974c92484e) Importer(815301076,1909f56bfc062723c751e8b465ee728b)  -> (artifact id: 'c2c38576e0d0e823e340aa93505a4e8c') in 0.000608 seconds
Number of updated asset objects reloaded before import = 0
Number of asset objects unloaded after import = 0
========================================================================
Received Import Request.
  Time since last request: 10.843259 seconds.
  path: Assets/objects/escavator/Materials
  artifactKey: Guid(c42797bbbedf09b41a336e785955dbb4) Importer(815301076,1909f56bfc062723c751e8b465ee728b)
Start importing Assets/objects/escavator/Materials using Guid(c42797bbbedf09b41a336e785955dbb4) Importer(815301076,1909f56bfc062723c751e8b465ee728b)  -> (artifact id: 'ea9e88d782c3399cda6c1054ef7648ed') in 0.000757 seconds
Number of updated asset objects reloaded before import = 0
Number of asset objects unloaded after import = 0
========================================================================
Received Import Request.
  Time since last request: 0.045431 seconds.
  path: Assets/objects/escavator/Materials/body_yellow_aiStandardSurface123_BaseColor.mat
  artifactKey: Guid(1869848872889ca4db8abf41f5d9da25) Importer(815301076,1909f56bfc062723c751e8b465ee728b)
Start importing Assets/objects/escavator/Materials/body_yellow_aiStandardSurface123_BaseColor.mat using Guid(1869848872889ca4db8abf41f5d9da25) Importer(815301076,1909f56bfc062723c751e8b465ee728b)  -> (artifact id: '226353a62d0e05215e6853bac72f82d7') in 0.035219 seconds
Number of updated asset objects reloaded before import = 0
Number of asset objects unloaded after import = 2
Editor requested this worker to shutdown with reason: Scaling down because of idle timeout
TcpMessagingSession - receive error: operation aborted. errorcode: 995, details: The I/O operation has been aborted because of either a thread exit or an application request.
AssetImportWorker is now disconnected from the server
Process exiting
Exiting without the bug reporter. Application will terminate with return code 0