Using pre-set license
Built from '2022.3/staging' branch; Version is '2022.3.16f1 (d2c21f0ef2f1) revision 13812255'; Using compiler version '192829333'; Build Type 'Release'
OS: 'Windows 11  (10.0.22631) 64bit CoreSingleLanguage' Language: 'en' Physical Memory: 16052 MB
BatchMode: 1, IsHumanControllingUs: 0, StartBugReporterOnCrash: 0, Is64bit: 1, IsPro: 1

COMMAND LINE ARGUMENTS:
C:\Program Files\Unity\Hub\Editor\2022.3.16f1\Editor\Unity.exe
-adb2
-batchMode
-noUpm
-name
AssetImportWorker0
-projectPath
C:/Users/sonit/OneDrive/Desktop/Work/Coding/PrediCAT/simulation/PrediCAT
-logFile
Logs/AssetImportWorker0.log
-srvPort
51631
Successfully changed project path to: C:/Users/sonit/OneDrive/Desktop/Work/Coding/PrediCAT/simulation/PrediCAT
C:/Users/sonit/OneDrive/Desktop/Work/Coding/PrediCAT/simulation/PrediCAT
[UnityMemory] Configuration Parameters - Can be set up in boot.config
    "memorysetup-bucket-allocator-granularity=16"
    "memorysetup-bucket-allocator-bucket-count=8"
    "memorysetup-bucket-allocator-block-size=33554432"
    "memorysetup-bucket-allocator-block-count=8"
    "memorysetup-main-allocator-block-size=16777216"
    "memorysetup-thread-allocator-block-size=16777216"
    "memorysetup-gfx-main-allocator-block-size=16777216"
    "memorysetup-gfx-thread-allocator-block-size=16777216"
    "memorysetup-cache-allocator-block-size=4194304"
    "memorysetup-typetree-allocator-block-size=2097152"
    "memorysetup-profiler-bucket-allocator-granularity=16"
    "memorysetup-profiler-bucket-allocator-bucket-count=8"
    "memorysetup-profiler-bucket-allocator-block-size=33554432"
    "memorysetup-profiler-bucket-allocator-block-count=8"
    "memorysetup-profiler-allocator-block-size=16777216"
    "memorysetup-profiler-editor-allocator-block-size=1048576"
    "memorysetup-temp-allocator-size-main=16777216"
    "memorysetup-job-temp-allocator-block-size=2097152"
    "memorysetup-job-temp-allocator-block-size-background=1048576"
    "memorysetup-job-temp-allocator-reduction-small-platforms=262144"
    "memorysetup-allocator-temp-initial-block-size-main=262144"
    "memorysetup-allocator-temp-initial-block-size-worker=262144"
    "memorysetup-temp-allocator-size-background-worker=32768"
    "memorysetup-temp-allocator-size-job-worker=262144"
    "memorysetup-temp-allocator-size-preload-manager=33554432"
    "memorysetup-temp-allocator-size-nav-mesh-worker=65536"
    "memorysetup-temp-allocator-size-audio-worker=65536"
    "memorysetup-temp-allocator-size-cloud-worker=32768"
    "memorysetup-temp-allocator-size-gi-baking-worker=262144"
    "memorysetup-temp-allocator-size-gfx=262144"
Player connection [12676] Host "[IP] 192.168.56.1 [Port] 0 [Flags] 2 [Guid] 1486712601 [EditorId] 1486712601 [Version] 1048832 [Id] WindowsEditor(7,Sonit) [Debug] 1 [PackageName] WindowsEditor [ProjectName] Editor" joined multi-casting on [225.0.0.222:54997]...

Player connection [12676] Host "[IP] 192.168.56.1 [Port] 0 [Flags] 2 [Guid] 1486712601 [EditorId] 1486712601 [Version] 1048832 [Id] WindowsEditor(7,Sonit) [Debug] 1 [PackageName] WindowsEditor [ProjectName] Editor" joined alternative multi-casting on [225.0.0.222:34997]...

[Physics::Module] Initialized MultithreadedJobDispatcher with 11 workers.
Refreshing native plugins compatible for Editor in 10.79 ms, found 3 plugins.
Preloading 0 native plugins for Editor in 0.00 ms.
Initialize engine version: 2022.3.16f1 (d2c21f0ef2f1)
[Subsystems] Discovering subsystems at path C:/Program Files/Unity/Hub/Editor/2022.3.16f1/Editor/Data/Resources/UnitySubsystems
[Subsystems] Discovering subsystems at path C:/Users/sonit/OneDrive/Desktop/Work/Coding/PrediCAT/simulation/PrediCAT/Assets
GfxDevice: creating device client; threaded=0; jobified=0
Direct3D:
    Version:  Direct3D 11.0 [level 11.1]
    Renderer: Intel(R) Iris(R) Xe Graphics (ID=0x46a8)
    Vendor:   Intel
    VRAM:     8026 MB
    Driver:   31.0.101.4502
Initialize mono
Mono path[0] = 'C:/Program Files/Unity/Hub/Editor/2022.3.16f1/Editor/Data/Managed'
Mono path[1] = 'C:/Program Files/Unity/Hub/Editor/2022.3.16f1/Editor/Data/MonoBleedingEdge/lib/mono/unityjit-win32'
Mono config path = 'C:/Program Files/Unity/Hub/Editor/2022.3.16f1/Editor/Data/MonoBleedingEdge/etc'
Using monoOptions --debugger-agent=transport=dt_socket,embedding=1,server=y,suspend=n,address=127.0.0.1:56572
Begin MonoManager ReloadAssembly
Registering precompiled unity dll's ...
Register platform support module: C:/Program Files/Unity/Hub/Editor/2022.3.16f1/Editor/Data/PlaybackEngines/WebGLSupport/UnityEditor.WebGL.Extensions.dll
Register platform support module: C:/Program Files/Unity/Hub/Editor/2022.3.16f1/Editor/Data/PlaybackEngines/AndroidPlayer/UnityEditor.Android.Extensions.dll
Register platform support module: C:/Program Files/Unity/Hub/Editor/2022.3.16f1/Editor/Data/PlaybackEngines/WindowsStandaloneSupport/UnityEditor.WindowsStandalone.Extensions.dll
Registered in 0.012600 seconds.
- Loaded All Assemblies, in  0.407 seconds
Native extension for WindowsStandalone target not found
Native extension for Android target not found
Android Extension - Scanning For ADB Devices 313 ms
Native extension for WebGL target not found
Mono: successfully reloaded assembly
- Finished resetting the current domain, in  0.693 seconds
Domain Reload Profiling: 1099ms
	BeginReloadAssembly (136ms)
		ExecutionOrderSort (0ms)
		DisableScriptedObjects (0ms)
		BackupInstance (0ms)
		ReleaseScriptingObjects (0ms)
		CreateAndSetChildDomain (1ms)
	RebuildCommonClasses (31ms)
	RebuildNativeTypeToScriptingClass (9ms)
	initialDomainReloadingComplete (71ms)
	LoadAllAssembliesAndSetupDomain (160ms)
		LoadAssemblies (133ms)
		RebuildTransferFunctionScriptingTraits (0ms)
		AnalyzeDomain (157ms)
			TypeCache.Refresh (155ms)
				TypeCache.ScanAssembly (140ms)
			ScanForSourceGeneratedMonoScriptInfo (0ms)
			ResolveRequiredComponents (1ms)
	FinalizeReload (694ms)
		ReleaseScriptCaches (0ms)
		RebuildScriptCaches (0ms)
		SetupLoadedEditorAssemblies (629ms)
			LogAssemblyErrors (0ms)
			InitializePlatformSupportModulesInManaged (436ms)
			SetLoadedEditorAssemblies (5ms)
			RefreshPlugins (0ms)
			BeforeProcessingInitializeOnLoad (3ms)
			ProcessInitializeOnLoadAttributes (125ms)
			ProcessInitializeOnLoadMethodAttributes (59ms)
			AfterProcessingInitializeOnLoad (0ms)
			EditorAssembliesLoaded (0ms)
		ExecutionOrderSort2 (0ms)
		AwakeInstancesAfterBackupRestoration (0ms)
========================================================================
Worker process is ready to serve import requests
Begin MonoManager ReloadAssembly
- Loaded All Assemblies, in  0.716 seconds
Refreshing native plugins compatible for Editor in 4.84 ms, found 3 plugins.
Native extension for WindowsStandalone target not found
Native extension for Android target not found
Native extension for WebGL target not found
Package Manager log level set to [2]
[Package Manager] Server::EnsureServerProcessIsRunning -- launch failed, reason: Unity was launched with the -noUpm command-line argument
[Package Manager] UpmClient::Send -- Unable to send message (not connected to UPM process).
[Package Manager] Cannot connect to Unity Package Manager local server
Mono: successfully reloaded assembly
- Finished resetting the current domain, in  0.647 seconds
Domain Reload Profiling: 1360ms
	BeginReloadAssembly (192ms)
		ExecutionOrderSort (0ms)
		DisableScriptedObjects (5ms)
		BackupInstance (0ms)
		ReleaseScriptingObjects (0ms)
		CreateAndSetChildDomain (32ms)
	RebuildCommonClasses (36ms)
	RebuildNativeTypeToScriptingClass (10ms)
	initialDomainReloadingComplete (40ms)
	LoadAllAssembliesAndSetupDomain (434ms)
		LoadAssemblies (365ms)
		RebuildTransferFunctionScriptingTraits (0ms)
		AnalyzeDomain (178ms)
			TypeCache.Refresh (159ms)
				TypeCache.ScanAssembly (143ms)
			ScanForSourceGeneratedMonoScriptInfo (14ms)
			ResolveRequiredComponents (4ms)
	FinalizeReload (647ms)
		ReleaseScriptCaches (0ms)
		RebuildScriptCaches (0ms)
		SetupLoadedEditorAssemblies (475ms)
			LogAssemblyErrors (0ms)
			InitializePlatformSupportModulesInManaged (30ms)
			SetLoadedEditorAssemblies (5ms)
			RefreshPlugins (0ms)
			BeforeProcessingInitializeOnLoad (61ms)
			ProcessInitializeOnLoadAttributes (356ms)
			ProcessInitializeOnLoadMethodAttributes (17ms)
			AfterProcessingInitializeOnLoad (6ms)
			EditorAssembliesLoaded (0ms)
		ExecutionOrderSort2 (0ms)
		AwakeInstancesAfterBackupRestoration (7ms)
Launched and connected shader compiler UnityShaderCompiler.exe after 0.04 seconds
Refreshing native plugins compatible for Editor in 4.76 ms, found 3 plugins.
Preloading 0 native plugins for Editor in 0.00 ms.
Unloading 3093 Unused Serialized files (Serialized files now loaded: 0)
Unloading 32 unused Assets / (56.9 KB). Loaded Objects now: 3568.
Memory consumption went from 129.6 MB to 129.6 MB.
Total: 3.537900 ms (FindLiveObjects: 0.235100 ms CreateObjectMapping: 0.132500 ms MarkObjects: 2.948400 ms  DeleteObjects: 0.220400 ms)

AssetImportParameters requested are different than current active one (requested -> active):
  custom:container-demuxer-ogg: 62fdf1f143b41e24485cea50d1cbac27 -> 
  custom:video-codec-MediaFoundation-h265: 746d11721c4dcdbdad8f713fa42b33f4 -> 
  custom:video-decoder-ogg-theora: a1e56fd34408186e4bbccfd4996cb3dc -> 
  custom:framework-win-MediaFoundation: 216162199b28c13a410421893ffa2e32 -> 
  custom:CustomObjectIndexerAttribute: 43b350a4d6e6d1791af0b5038c4bea17 -> 
  custom:container-demuxer-webm: 4f35f7cbe854078d1ac9338744f61a02 -> 
  custom:container-muxer-webm: aa71ff27fc2769a1b78a27578f13a17b -> 
  custom:video-decoder-webm-vp8: 9c59270c3fd7afecdb556c50c9e8de78 -> 
  custom:SearchIndexIgnoredProperties: e643bd26f0fe6173181afceb89e7c659 -> 
  custom:AudioImporter_EditorPlatform: d09bf68614088b80899f8185d706f6e7 -> 
  custom:video-encoder-webm-vp8: eb34c28f22e8b96e1ab97ce403110664 -> 
  custom:audio-decoder-ogg-vorbis: bf7c407c2cedff20999df2af8eb42d56 -> 
  custom:audio-encoder-webm-vorbis: bf7c407c2cedff20999df2af8eb42d56 -> 
========================================================================
Received Import Request.
  Time since last request: 39119.599363 seconds.
  path: Assets/objects/Dozer/textures/DozerTracks_normal.tga.png
  artifactKey: Guid(632a84d3de05f874caf8e759c294e6b6) Importer(815301076,1909f56bfc062723c751e8b465ee728b)
Start importing Assets/objects/Dozer/textures/DozerTracks_normal.tga.png using Guid(632a84d3de05f874caf8e759c294e6b6) Importer(815301076,1909f56bfc062723c751e8b465ee728b)  -> (artifact id: '337189faebac9c055903ecebaf9269dd') in 0.090672 seconds
Number of updated asset objects reloaded before import = 0
Number of asset objects unloaded after import = 2
========================================================================
Received Import Request.
  Time since last request: 0.000032 seconds.
  path: Assets/objects/Dozer/textures/Dozer_body_normal.tga.png
  artifactKey: Guid(1d10a8a6eab0b8a4da8ab4ec0b88835d) Importer(815301076,1909f56bfc062723c751e8b465ee728b)
Start importing Assets/objects/Dozer/textures/Dozer_body_normal.tga.png using Guid(1d10a8a6eab0b8a4da8ab4ec0b88835d) Importer(815301076,1909f56bfc062723c751e8b465ee728b)  -> (artifact id: '42c7f59e076f0e989addc7915b3e3a60') in 0.026416 seconds
Number of updated asset objects reloaded before import = 0
Number of asset objects unloaded after import = 2
========================================================================
Received Import Request.
  Time since last request: 0.000035 seconds.
  path: Assets/objects/Dozer/textures/Dozer_body_diff.tga.png
  artifactKey: Guid(7333aab2c5aed674fbcad6c029770b88) Importer(815301076,1909f56bfc062723c751e8b465ee728b)
Start importing Assets/objects/Dozer/textures/Dozer_body_diff.tga.png using Guid(7333aab2c5aed674fbcad6c029770b88) Importer(815301076,1909f56bfc062723c751e8b465ee728b)  -> (artifact id: 'ec383608a9188d996f45765f0b555176') in 0.025849 seconds
Number of updated asset objects reloaded before import = 0
Number of asset objects unloaded after import = 2
========================================================================
Received Import Request.
  Time since last request: 0.000152 seconds.
  path: Assets/objects/Dozer/textures/Dozer_body_spec.tga.png
  artifactKey: Guid(48c14a1bf57291941bb9bb4192226538) Importer(815301076,1909f56bfc062723c751e8b465ee728b)
Start importing Assets/objects/Dozer/textures/Dozer_body_spec.tga.png using Guid(48c14a1bf57291941bb9bb4192226538) Importer(815301076,1909f56bfc062723c751e8b465ee728b)  -> (artifact id: 'e8f3c2022ef809e8507a2ea28f47ecd9') in 0.025492 seconds
Number of updated asset objects reloaded before import = 0
Number of asset objects unloaded after import = 2
========================================================================
Received Import Request.
  Time since last request: 35.463226 seconds.
  path: Assets/objects/Dozer/Materials/Dozer_body_gloss.tga.mat
  artifactKey: Guid(756bba23b14560044b240466c1f04287) Importer(815301076,1909f56bfc062723c751e8b465ee728b)
Start importing Assets/objects/Dozer/Materials/Dozer_body_gloss.tga.mat using Guid(756bba23b14560044b240466c1f04287) Importer(815301076,1909f56bfc062723c751e8b465ee728b)  -> (artifact id: 'ddd04dabc55491262bc33e415669a61c') in 0.065062 seconds
Number of updated asset objects reloaded before import = 0
Number of asset objects unloaded after import = 2
========================================================================
Received Import Request.
  Time since last request: 0.000023 seconds.
  path: Assets/objects/Dozer/Materials/DozerTracks_diff.tga.mat
  artifactKey: Guid(8fc762afc173c6144b86c31a68c3aba2) Importer(815301076,1909f56bfc062723c751e8b465ee728b)
Start importing Assets/objects/Dozer/Materials/DozerTracks_diff.tga.mat using Guid(8fc762afc173c6144b86c31a68c3aba2) Importer(815301076,1909f56bfc062723c751e8b465ee728b)  -> (artifact id: '357822ab758ed762f5ab1bf1c31e8e29') in 0.027275 seconds
Number of updated asset objects reloaded before import = 0
Number of asset objects unloaded after import = 2
========================================================================
Received Import Request.
  Time since last request: 16.441087 seconds.
  path: Assets/objects/Materials/body_yellow_aiStandardSurface123_BaseColor.mat
  artifactKey: Guid(a35b8f150bc2b394186ef6be238f7f29) Importer(815301076,1909f56bfc062723c751e8b465ee728b)
Start importing Assets/objects/Materials/body_yellow_aiStandardSurface123_BaseColor.mat using Guid(a35b8f150bc2b394186ef6be238f7f29) Importer(815301076,1909f56bfc062723c751e8b465ee728b)  -> (artifact id: 'e5cd5d6862d10c7a5154f14672717bb0') in 0.050967 seconds
Number of updated asset objects reloaded before import = 0
Number of asset objects unloaded after import = 2
========================================================================
Received Import Request.
  Time since last request: 0.000033 seconds.
  path: Assets/objects/Materials/last_Yell_aiStandardSurface148_BaseColor.1.mat
  artifactKey: Guid(f516a6805b14288489c43842e31f4d44) Importer(815301076,1909f56bfc062723c751e8b465ee728b)
Start importing Assets/objects/Materials/last_Yell_aiStandardSurface148_BaseColor.1.mat using Guid(f516a6805b14288489c43842e31f4d44) Importer(815301076,1909f56bfc062723c751e8b465ee728b)  -> (artifact id: '6b5e860b1e4a23564d89f00d48c6e0c7') in 0.022897 seconds
Number of updated asset objects reloaded before import = 0
Number of asset objects unloaded after import = 2
========================================================================
Received Import Request.
  Time since last request: 0.000020 seconds.
  path: Assets/objects/Materials/body_yellow_aiStandardSurface124_Metallic..mat
  artifactKey: Guid(d1f5e28ce6e6c0e4aaebfd88ddba4f3f) Importer(815301076,1909f56bfc062723c751e8b465ee728b)
Start importing Assets/objects/Materials/body_yellow_aiStandardSurface124_Metallic..mat using Guid(d1f5e28ce6e6c0e4aaebfd88ddba4f3f) Importer(815301076,1909f56bfc062723c751e8b465ee728b)  -> (artifact id: '592dc38a6be50290a79e68202d72b9c9') in 0.024536 seconds
Number of updated asset objects reloaded before import = 0
Number of asset objects unloaded after import = 2
========================================================================
Received Import Request.
  Time since last request: 0.000180 seconds.
  path: Assets/objects/Materials/body_yellow_aiStandardSurface124_BaseColor.mat
  artifactKey: Guid(86b308e428e5dc24f9938e18c3b29f37) Importer(815301076,1909f56bfc062723c751e8b465ee728b)
Start importing Assets/objects/Materials/body_yellow_aiStandardSurface124_BaseColor.mat using Guid(86b308e428e5dc24f9938e18c3b29f37) Importer(815301076,1909f56bfc062723c751e8b465ee728b)  -> (artifact id: '47bbe1afec77824d01f114baf5c6903f') in 0.024396 seconds
Number of updated asset objects reloaded before import = 0
Number of asset objects unloaded after import = 2
Editor requested this worker to shutdown with reason: Scaling down because of idle timeout
TcpMessagingSession - receive error: operation aborted. errorcode: 995, details: The I/O operation has been aborted because of either a thread exit or an application request.
AssetImportWorker is now disconnected from the server
Process exiting
Exiting without the bug reporter. Application will terminate with return code 0