Using pre-set license
Built from '2022.3/staging' branch; Version is '2022.3.16f1 (d2c21f0ef2f1) revision 13812255'; Using compiler version '192829333'; Build Type 'Release'
OS: 'Windows 11  (10.0.22631) 64bit CoreSingleLanguage' Language: 'en' Physical Memory: 16052 MB
BatchMode: 1, IsHumanControllingUs: 0, StartBugReporterOnCrash: 0, Is64bit: 1, IsPro: 1

COMMAND LINE ARGUMENTS:
C:\Program Files\Unity\Hub\Editor\2022.3.16f1\Editor\Unity.exe
-adb2
-batchMode
-noUpm
-name
AssetImportWorker1
-projectPath
C:/Users/sonit/OneDrive/Desktop/Work/Coding/PrediCAT/simulation/PrediCAT
-logFile
Logs/AssetImportWorker1.log
-srvPort
51631
Successfully changed project path to: C:/Users/sonit/OneDrive/Desktop/Work/Coding/PrediCAT/simulation/PrediCAT
C:/Users/sonit/OneDrive/Desktop/Work/Coding/PrediCAT/simulation/PrediCAT
[UnityMemory] Configuration Parameters - Can be set up in boot.config
    "memorysetup-bucket-allocator-granularity=16"
    "memorysetup-bucket-allocator-bucket-count=8"
    "memorysetup-bucket-allocator-block-size=33554432"
    "memorysetup-bucket-allocator-block-count=8"
    "memorysetup-main-allocator-block-size=16777216"
    "memorysetup-thread-allocator-block-size=16777216"
    "memorysetup-gfx-main-allocator-block-size=16777216"
    "memorysetup-gfx-thread-allocator-block-size=16777216"
    "memorysetup-cache-allocator-block-size=4194304"
    "memorysetup-typetree-allocator-block-size=2097152"
    "memorysetup-profiler-bucket-allocator-granularity=16"
    "memorysetup-profiler-bucket-allocator-bucket-count=8"
    "memorysetup-profiler-bucket-allocator-block-size=33554432"
    "memorysetup-profiler-bucket-allocator-block-count=8"
    "memorysetup-profiler-allocator-block-size=16777216"
    "memorysetup-profiler-editor-allocator-block-size=1048576"
    "memorysetup-temp-allocator-size-main=16777216"
    "memorysetup-job-temp-allocator-block-size=2097152"
    "memorysetup-job-temp-allocator-block-size-background=1048576"
    "memorysetup-job-temp-allocator-reduction-small-platforms=262144"
    "memorysetup-allocator-temp-initial-block-size-main=262144"
    "memorysetup-allocator-temp-initial-block-size-worker=262144"
    "memorysetup-temp-allocator-size-background-worker=32768"
    "memorysetup-temp-allocator-size-job-worker=262144"
    "memorysetup-temp-allocator-size-preload-manager=33554432"
    "memorysetup-temp-allocator-size-nav-mesh-worker=65536"
    "memorysetup-temp-allocator-size-audio-worker=65536"
    "memorysetup-temp-allocator-size-cloud-worker=32768"
    "memorysetup-temp-allocator-size-gi-baking-worker=262144"
    "memorysetup-temp-allocator-size-gfx=262144"
Player connection [3956] Host "[IP] 192.168.56.1 [Port] 0 [Flags] 2 [Guid] 1455681010 [EditorId] 1455681010 [Version] 1048832 [Id] WindowsEditor(7,Sonit) [Debug] 1 [PackageName] WindowsEditor [ProjectName] Editor" joined multi-casting on [225.0.0.222:54997]...

Player connection [3956] Host "[IP] 192.168.56.1 [Port] 0 [Flags] 2 [Guid] 1455681010 [EditorId] 1455681010 [Version] 1048832 [Id] WindowsEditor(7,Sonit) [Debug] 1 [PackageName] WindowsEditor [ProjectName] Editor" joined alternative multi-casting on [225.0.0.222:34997]...

[Physics::Module] Initialized MultithreadedJobDispatcher with 11 workers.
Refreshing native plugins compatible for Editor in 7.81 ms, found 3 plugins.
Preloading 0 native plugins for Editor in 0.00 ms.
Initialize engine version: 2022.3.16f1 (d2c21f0ef2f1)
[Subsystems] Discovering subsystems at path C:/Program Files/Unity/Hub/Editor/2022.3.16f1/Editor/Data/Resources/UnitySubsystems
[Subsystems] Discovering subsystems at path C:/Users/sonit/OneDrive/Desktop/Work/Coding/PrediCAT/simulation/PrediCAT/Assets
GfxDevice: creating device client; threaded=0; jobified=0
Direct3D:
    Version:  Direct3D 11.0 [level 11.1]
    Renderer: Intel(R) Iris(R) Xe Graphics (ID=0x46a8)
    Vendor:   Intel
    VRAM:     8026 MB
    Driver:   31.0.101.4502
Initialize mono
Mono path[0] = 'C:/Program Files/Unity/Hub/Editor/2022.3.16f1/Editor/Data/Managed'
Mono path[1] = 'C:/Program Files/Unity/Hub/Editor/2022.3.16f1/Editor/Data/MonoBleedingEdge/lib/mono/unityjit-win32'
Mono config path = 'C:/Program Files/Unity/Hub/Editor/2022.3.16f1/Editor/Data/MonoBleedingEdge/etc'
Using monoOptions --debugger-agent=transport=dt_socket,embedding=1,server=y,suspend=n,address=127.0.0.1:56000
Begin MonoManager ReloadAssembly
Registering precompiled unity dll's ...
Register platform support module: C:/Program Files/Unity/Hub/Editor/2022.3.16f1/Editor/Data/PlaybackEngines/WebGLSupport/UnityEditor.WebGL.Extensions.dll
Register platform support module: C:/Program Files/Unity/Hub/Editor/2022.3.16f1/Editor/Data/PlaybackEngines/AndroidPlayer/UnityEditor.Android.Extensions.dll
Register platform support module: C:/Program Files/Unity/Hub/Editor/2022.3.16f1/Editor/Data/PlaybackEngines/WindowsStandaloneSupport/UnityEditor.WindowsStandalone.Extensions.dll
Registered in 0.010443 seconds.
- Loaded All Assemblies, in  0.397 seconds
Native extension for WindowsStandalone target not found
Native extension for Android target not found
Android Extension - Scanning For ADB Devices 290 ms
Native extension for WebGL target not found
Mono: successfully reloaded assembly
- Finished resetting the current domain, in  0.662 seconds
Domain Reload Profiling: 1058ms
	BeginReloadAssembly (125ms)
		ExecutionOrderSort (0ms)
		DisableScriptedObjects (0ms)
		BackupInstance (0ms)
		ReleaseScriptingObjects (0ms)
		CreateAndSetChildDomain (1ms)
	RebuildCommonClasses (30ms)
	RebuildNativeTypeToScriptingClass (12ms)
	initialDomainReloadingComplete (71ms)
	LoadAllAssembliesAndSetupDomain (159ms)
		LoadAssemblies (124ms)
		RebuildTransferFunctionScriptingTraits (0ms)
		AnalyzeDomain (156ms)
			TypeCache.Refresh (155ms)
				TypeCache.ScanAssembly (142ms)
			ScanForSourceGeneratedMonoScriptInfo (0ms)
			ResolveRequiredComponents (0ms)
	FinalizeReload (662ms)
		ReleaseScriptCaches (0ms)
		RebuildScriptCaches (0ms)
		SetupLoadedEditorAssemblies (598ms)
			LogAssemblyErrors (0ms)
			InitializePlatformSupportModulesInManaged (414ms)
			SetLoadedEditorAssemblies (6ms)
			RefreshPlugins (0ms)
			BeforeProcessingInitializeOnLoad (3ms)
			ProcessInitializeOnLoadAttributes (120ms)
			ProcessInitializeOnLoadMethodAttributes (55ms)
			AfterProcessingInitializeOnLoad (0ms)
			EditorAssembliesLoaded (0ms)
		ExecutionOrderSort2 (0ms)
		AwakeInstancesAfterBackupRestoration (0ms)
========================================================================
Worker process is ready to serve import requests
Begin MonoManager ReloadAssembly
- Loaded All Assemblies, in  0.739 seconds
Refreshing native plugins compatible for Editor in 3.34 ms, found 3 plugins.
Native extension for WindowsStandalone target not found
Native extension for Android target not found
Native extension for WebGL target not found
Package Manager log level set to [2]
[Package Manager] Server::EnsureServerProcessIsRunning -- launch failed, reason: Unity was launched with the -noUpm command-line argument
[Package Manager] UpmClient::Send -- Unable to send message (not connected to UPM process).
[Package Manager] Cannot connect to Unity Package Manager local server
Mono: successfully reloaded assembly
- Finished resetting the current domain, in  0.649 seconds
Domain Reload Profiling: 1387ms
	BeginReloadAssembly (195ms)
		ExecutionOrderSort (0ms)
		DisableScriptedObjects (6ms)
		BackupInstance (0ms)
		ReleaseScriptingObjects (0ms)
		CreateAndSetChildDomain (31ms)
	RebuildCommonClasses (41ms)
	RebuildNativeTypeToScriptingClass (9ms)
	initialDomainReloadingComplete (48ms)
	LoadAllAssembliesAndSetupDomain (445ms)
		LoadAssemblies (360ms)
		RebuildTransferFunctionScriptingTraits (0ms)
		AnalyzeDomain (200ms)
			TypeCache.Refresh (179ms)
				TypeCache.ScanAssembly (159ms)
			ScanForSourceGeneratedMonoScriptInfo (16ms)
			ResolveRequiredComponents (3ms)
	FinalizeReload (650ms)
		ReleaseScriptCaches (0ms)
		RebuildScriptCaches (0ms)
		SetupLoadedEditorAssemblies (480ms)
			LogAssemblyErrors (0ms)
			InitializePlatformSupportModulesInManaged (31ms)
			SetLoadedEditorAssemblies (5ms)
			RefreshPlugins (0ms)
			BeforeProcessingInitializeOnLoad (68ms)
			ProcessInitializeOnLoadAttributes (346ms)
			ProcessInitializeOnLoadMethodAttributes (21ms)
			AfterProcessingInitializeOnLoad (8ms)
			EditorAssembliesLoaded (0ms)
		ExecutionOrderSort2 (0ms)
		AwakeInstancesAfterBackupRestoration (6ms)
Launched and connected shader compiler UnityShaderCompiler.exe after 0.05 seconds
Refreshing native plugins compatible for Editor in 3.78 ms, found 3 plugins.
Preloading 0 native plugins for Editor in 0.00 ms.
Unloading 3093 Unused Serialized files (Serialized files now loaded: 0)
Unloading 32 unused Assets / (56.9 KB). Loaded Objects now: 3568.
Memory consumption went from 129.6 MB to 129.5 MB.
Total: 4.286100 ms (FindLiveObjects: 0.231500 ms CreateObjectMapping: 0.180800 ms MarkObjects: 3.537300 ms  DeleteObjects: 0.335000 ms)

AssetImportParameters requested are different than current active one (requested -> active):
  custom:container-demuxer-ogg: 62fdf1f143b41e24485cea50d1cbac27 -> 
  custom:video-codec-MediaFoundation-h265: 746d11721c4dcdbdad8f713fa42b33f4 -> 
  custom:video-decoder-ogg-theora: a1e56fd34408186e4bbccfd4996cb3dc -> 
  custom:framework-win-MediaFoundation: 216162199b28c13a410421893ffa2e32 -> 
  custom:CustomObjectIndexerAttribute: 43b350a4d6e6d1791af0b5038c4bea17 -> 
  custom:container-demuxer-webm: 4f35f7cbe854078d1ac9338744f61a02 -> 
  custom:container-muxer-webm: aa71ff27fc2769a1b78a27578f13a17b -> 
  custom:video-decoder-webm-vp8: 9c59270c3fd7afecdb556c50c9e8de78 -> 
  custom:SearchIndexIgnoredProperties: e643bd26f0fe6173181afceb89e7c659 -> 
  custom:AudioImporter_EditorPlatform: d09bf68614088b80899f8185d706f6e7 -> 
  custom:video-encoder-webm-vp8: eb34c28f22e8b96e1ab97ce403110664 -> 
  custom:audio-decoder-ogg-vorbis: bf7c407c2cedff20999df2af8eb42d56 -> 
  custom:audio-encoder-webm-vorbis: bf7c407c2cedff20999df2af8eb42d56 -> 
========================================================================
Received Import Request.
  Time since last request: 39119.617856 seconds.
  path: Assets/objects/Dozer/textures/DozerTracks_gloss.tga.png
  artifactKey: Guid(1801be05b100d81468656fbba4952287) Importer(815301076,1909f56bfc062723c751e8b465ee728b)
Start importing Assets/objects/Dozer/textures/DozerTracks_gloss.tga.png using Guid(1801be05b100d81468656fbba4952287) Importer(815301076,1909f56bfc062723c751e8b465ee728b)  -> (artifact id: '75a12d0a812abf14e1188890c626be26') in 0.085998 seconds
Number of updated asset objects reloaded before import = 0
Number of asset objects unloaded after import = 2
========================================================================
Received Import Request.
  Time since last request: 0.000033 seconds.
  path: Assets/objects/Dozer/textures
  artifactKey: Guid(0f449eb5aaeb7354b8be437801e6f607) Importer(815301076,1909f56bfc062723c751e8b465ee728b)
Start importing Assets/objects/Dozer/textures using Guid(0f449eb5aaeb7354b8be437801e6f607) Importer(815301076,1909f56bfc062723c751e8b465ee728b)  -> (artifact id: '51422746080407b165fc257d83fb4f61') in 0.000832 seconds
Number of updated asset objects reloaded before import = 0
Number of asset objects unloaded after import = 0
========================================================================
Received Import Request.
  Time since last request: 0.000063 seconds.
  path: Assets/objects/Dozer/textures/DozerTracks_diff.tga.png
  artifactKey: Guid(b4da877242ea5cf458466813aabdb8c4) Importer(815301076,1909f56bfc062723c751e8b465ee728b)
Start importing Assets/objects/Dozer/textures/DozerTracks_diff.tga.png using Guid(b4da877242ea5cf458466813aabdb8c4) Importer(815301076,1909f56bfc062723c751e8b465ee728b)  -> (artifact id: 'e570c27f22c05adc21447c2d55d116bb') in 0.029458 seconds
Number of updated asset objects reloaded before import = 0
Number of asset objects unloaded after import = 2
========================================================================
Received Import Request.
  Time since last request: 0.000020 seconds.
  path: Assets/objects/Dozer/textures/Dozer_body_gloss.tga.png
  artifactKey: Guid(bfe5a091f85735545880399e1b4c38ff) Importer(815301076,1909f56bfc062723c751e8b465ee728b)
Start importing Assets/objects/Dozer/textures/Dozer_body_gloss.tga.png using Guid(bfe5a091f85735545880399e1b4c38ff) Importer(815301076,1909f56bfc062723c751e8b465ee728b)  -> (artifact id: '733117ad1a19da204706d4eef408afff') in 0.033492 seconds
Number of updated asset objects reloaded before import = 0
Number of asset objects unloaded after import = 2
========================================================================
Received Import Request.
  Time since last request: 35.463996 seconds.
  path: Assets/objects/Dozer/Materials/Dozer_body_normal.tga.mat
  artifactKey: Guid(d6790e515a856cf43b9d80b1f4dab758) Importer(815301076,1909f56bfc062723c751e8b465ee728b)
Start importing Assets/objects/Dozer/Materials/Dozer_body_normal.tga.mat using Guid(d6790e515a856cf43b9d80b1f4dab758) Importer(815301076,1909f56bfc062723c751e8b465ee728b)  -> (artifact id: 'd02db3fb983484e38210f90d3869887c') in 0.075374 seconds
Number of updated asset objects reloaded before import = 0
Number of asset objects unloaded after import = 2
========================================================================
Received Import Request.
  Time since last request: 16.458178 seconds.
  path: Assets/objects/Materials/body_yellow_aiStandardSurface123_Metallic..mat
  artifactKey: Guid(3833c464e3e6903498a542907b789ccf) Importer(815301076,1909f56bfc062723c751e8b465ee728b)
Start importing Assets/objects/Materials/body_yellow_aiStandardSurface123_Metallic..mat using Guid(3833c464e3e6903498a542907b789ccf) Importer(815301076,1909f56bfc062723c751e8b465ee728b)  -> (artifact id: 'f609f67695459a64ed1c91bc9118744c') in 0.062840 seconds
Number of updated asset objects reloaded before import = 0
Number of asset objects unloaded after import = 2
========================================================================
Received Import Request.
  Time since last request: 0.000106 seconds.
  path: Assets/objects/Materials/hydralic_hands_aiStandardSurface144_Metall.mat
  artifactKey: Guid(e326021de9a36ee4cbb96f35857b600e) Importer(815301076,1909f56bfc062723c751e8b465ee728b)
Start importing Assets/objects/Materials/hydralic_hands_aiStandardSurface144_Metall.mat using Guid(e326021de9a36ee4cbb96f35857b600e) Importer(815301076,1909f56bfc062723c751e8b465ee728b)  -> (artifact id: '0d15e450c9798aac304aa0a63ed0d592') in 0.027410 seconds
Number of updated asset objects reloaded before import = 0
Number of asset objects unloaded after import = 2
========================================================================
Received Import Request.
  Time since last request: 0.000037 seconds.
  path: Assets/objects/Materials/body_yellow_aiStandardSurface127_Normal.10.mat
  artifactKey: Guid(7f8bf255d553aee4da281857e336950b) Importer(815301076,1909f56bfc062723c751e8b465ee728b)
Start importing Assets/objects/Materials/body_yellow_aiStandardSurface127_Normal.10.mat using Guid(7f8bf255d553aee4da281857e336950b) Importer(815301076,1909f56bfc062723c751e8b465ee728b)  -> (artifact id: '10e009b7ab32bf42bb6993c29639894d') in 0.027982 seconds
Number of updated asset objects reloaded before import = 0
Number of asset objects unloaded after import = 2
========================================================================
Received Import Request.
  Time since last request: 0.000019 seconds.
  path: Assets/objects/Materials/middle_turning_hinge_aiStandardSurface149_.mat
  artifactKey: Guid(1c799356e9bf2864187a5a4ec6427cdf) Importer(815301076,1909f56bfc062723c751e8b465ee728b)
Start importing Assets/objects/Materials/middle_turning_hinge_aiStandardSurface149_.mat using Guid(1c799356e9bf2864187a5a4ec6427cdf) Importer(815301076,1909f56bfc062723c751e8b465ee728b)  -> (artifact id: 'c1ff3be1288a48cbc759f839a6520f1a') in 0.026742 seconds
Number of updated asset objects reloaded before import = 0
Number of asset objects unloaded after import = 2
========================================================================
Received Import Request.
  Time since last request: 1353.421086 seconds.
  path: Assets/objects/backhoeloader/textures/lambert1_AO.jpeg
  artifactKey: Guid(d890082d74faa2642a44d7f093150ef6) Importer(815301076,1909f56bfc062723c751e8b465ee728b)
Start importing Assets/objects/backhoeloader/textures/lambert1_AO.jpeg using Guid(d890082d74faa2642a44d7f093150ef6) Importer(815301076,1909f56bfc062723c751e8b465ee728b)  -> (artifact id: 'f4db6cd6b9fd8bca34e8e7f968b38f82') in 0.039247 seconds
Number of updated asset objects reloaded before import = 0
Number of asset objects unloaded after import = 2
========================================================================
Received Import Request.
  Time since last request: 0.000218 seconds.
  path: Assets/objects/backhoeloader/textures/lambert1_normal.png
  artifactKey: Guid(89809db34bc9ffb478176cda46083718) Importer(815301076,1909f56bfc062723c751e8b465ee728b)
Start importing Assets/objects/backhoeloader/textures/lambert1_normal.png using Guid(89809db34bc9ffb478176cda46083718) Importer(815301076,1909f56bfc062723c751e8b465ee728b)  -> (artifact id: 'cd969344ae3165939f66eb88c77c69d7') in 0.031823 seconds
Number of updated asset objects reloaded before import = 0
Number of asset objects unloaded after import = 2
========================================================================
Received Import Request.
  Time since last request: 0.000015 seconds.
  path: Assets/objects/backhoeloader/textures/lambert1_roughness.jpeg
  artifactKey: Guid(cd3ed80e80a1c2740957769993503c20) Importer(815301076,1909f56bfc062723c751e8b465ee728b)
Start importing Assets/objects/backhoeloader/textures/lambert1_roughness.jpeg using Guid(cd3ed80e80a1c2740957769993503c20) Importer(815301076,1909f56bfc062723c751e8b465ee728b)  -> (artifact id: 'be2ed2d0b8cd5adb549dc45f518e6ec7') in 0.029753 seconds
Number of updated asset objects reloaded before import = 0
Number of asset objects unloaded after import = 2
Editor requested this worker to shutdown with reason: Scaling down because of idle timeout
TcpMessagingSession - receive error: operation aborted. errorcode: 995, details: The I/O operation has been aborted because of either a thread exit or an application request.
AssetImportWorker is now disconnected from the server
Process exiting
Exiting without the bug reporter. Application will terminate with return code 0